<?xml version="1.0" encoding="UTF-8"?>
<testng-results ignored="0" total="2" passed="2" failed="0" skipped="0">
  <reporter-output>
  </reporter-output>
  <suite started-at="2024-10-22T22:12:47 EEST" name="Demo Test Suite" finished-at="2024-10-22T22:13:08 EEST" duration-ms="21250">
    <groups>
    </groups>
    <test started-at="2024-10-22T22:12:47 EEST" name="TC_01_Chrome" finished-at="2024-10-22T22:13:08 EEST" duration-ms="21250">
      <class name="com.demo.test_cases.TestCase_01">
        <test-method is-config="true" signature="getTestData()[pri:0, instance:com.demo.test_cases.TestCase_01@3016fd5e]" started-at="2024-10-22T22:12:47 EEST" name="getTestData" finished-at="2024-10-22T22:12:47 EEST" duration-ms="43" status="PASS">
          <reporter-output>
          </reporter-output>
        </test-method> <!-- getTestData -->
        <test-method is-config="true" signature="initWebBrowser(java.lang.String)[pri:0, instance:com.demo.test_cases.TestCase_01@3016fd5e]" started-at="2024-10-22T22:12:47 EEST" name="initWebBrowser" finished-at="2024-10-22T22:12:54 EEST" duration-ms="6391" status="PASS">
          <params>
            <param index="0">
              <value>
                <![CDATA[chrome]]>
              </value>
            </param>
          </params>
          <reporter-output>
          </reporter-output>
        </test-method> <!-- initWebBrowser -->
        <test-method signature="checkHomePage()[pri:0, instance:com.demo.test_cases.TestCase_01@3016fd5e]" started-at="2024-10-22T22:12:54 EEST" name="checkHomePage" description="WEB" finished-at="2024-10-22T22:12:57 EEST" duration-ms="3647" status="PASS">
          <reporter-output>
          </reporter-output>
        </test-method> <!-- checkHomePage -->
        <test-method is-config="true" signature="closeWebBrowser()[pri:0, instance:com.demo.test_cases.TestCase_01@3016fd5e]" started-at="2024-10-22T22:12:57 EEST" name="closeWebBrowser" finished-at="2024-10-22T22:12:57 EEST" duration-ms="152" status="PASS">
          <reporter-output>
          </reporter-output>
        </test-method> <!-- closeWebBrowser -->
        <test-method is-config="true" signature="initWebBrowser(java.lang.String)[pri:0, instance:com.demo.test_cases.TestCase_01@3016fd5e]" started-at="2024-10-22T22:12:57 EEST" name="initWebBrowser" finished-at="2024-10-22T22:13:03 EEST" duration-ms="5614" status="PASS">
          <params>
            <param index="0">
              <value>
                <![CDATA[chrome]]>
              </value>
            </param>
          </params>
          <reporter-output>
          </reporter-output>
        </test-method> <!-- initWebBrowser -->
        <test-method signature="checkUserLogin()[pri:1, instance:com.demo.test_cases.TestCase_01@3016fd5e]" started-at="2024-10-22T22:13:03 EEST" name="checkUserLogin" description="WEB" finished-at="2024-10-22T22:13:08 EEST" duration-ms="5296" status="PASS">
          <reporter-output>
          </reporter-output>
        </test-method> <!-- checkUserLogin -->
        <test-method is-config="true" signature="closeWebBrowser()[pri:0, instance:com.demo.test_cases.TestCase_01@3016fd5e]" started-at="2024-10-22T22:13:08 EEST" name="closeWebBrowser" finished-at="2024-10-22T22:13:08 EEST" duration-ms="128" status="PASS">
          <reporter-output>
          </reporter-output>
        </test-method> <!-- closeWebBrowser -->
        <test-method is-config="true" signature="clearXmlFiles()[pri:0, instance:com.demo.test_cases.TestCase_01@3016fd5e]" started-at="2024-10-22T22:13:09 EEST" name="clearXmlFiles" finished-at="2024-10-22T22:13:09 EEST" duration-ms="435" status="PASS">
          <reporter-output>
          </reporter-output>
        </test-method> <!-- clearXmlFiles -->
      </class> <!-- com.demo.test_cases.TestCase_01 -->
    </test> <!-- TC_01_Chrome -->
  </suite> <!-- Demo Test Suite -->
</testng-results>
