<?xml version="1.0" encoding="UTF-8"?>
<testng-results ignored="0" total="2" passed="2" failed="0" skipped="0">
  <reporter-output>
  </reporter-output>
  <suite started-at="2024-11-09T05:40:36 EET" name="Demo Test Suite" finished-at="2024-11-09T05:40:59 EET" duration-ms="23118">
    <groups>
    </groups>
    <test started-at="2024-11-09T05:40:36 EET" name="TC_01_Chrome" finished-at="2024-11-09T05:40:59 EET" duration-ms="23118">
      <class name="com.demo.test_cases.TestCase_01">
        <test-method is-config="true" signature="getTestData()[pri:0, instance:com.demo.test_cases.TestCase_01@563e4951]" started-at="2024-11-09T05:40:36 EET" name="getTestData" finished-at="2024-11-09T05:40:36 EET" duration-ms="35" status="PASS">
          <reporter-output>
          </reporter-output>
        </test-method> <!-- getTestData -->
        <test-method is-config="true" signature="initWebBrowser(java.lang.String)[pri:0, instance:com.demo.test_cases.TestCase_01@563e4951]" started-at="2024-11-09T05:40:36 EET" name="initWebBrowser" finished-at="2024-11-09T05:40:42 EET" duration-ms="5927" status="PASS">
          <params>
            <param index="0">
              <value>
                <![CDATA[chrome]]>
              </value>
            </param>
          </params>
          <reporter-output>
          </reporter-output>
        </test-method> <!-- initWebBrowser -->
        <test-method signature="checkHomePage()[pri:0, instance:com.demo.test_cases.TestCase_01@563e4951]" started-at="2024-11-09T05:40:42 EET" name="checkHomePage" description="WEB" finished-at="2024-11-09T05:40:46 EET" duration-ms="3558" status="PASS">
          <reporter-output>
          </reporter-output>
        </test-method> <!-- checkHomePage -->
        <test-method signature="checkUserLogin()[pri:1, instance:com.demo.test_cases.TestCase_01@563e4951]" started-at="2024-11-09T05:40:46 EET" name="checkUserLogin" description="WEB" finished-at="2024-11-09T05:40:59 EET" duration-ms="13523" status="PASS">
          <reporter-output>
          </reporter-output>
        </test-method> <!-- checkUserLogin -->
        <test-method is-config="true" signature="closeWebBrowser()[pri:0, instance:com.demo.test_cases.TestCase_01@563e4951]" started-at="2024-11-09T05:40:59 EET" name="closeWebBrowser" finished-at="2024-11-09T05:40:59 EET" duration-ms="92" status="PASS">
          <reporter-output>
          </reporter-output>
        </test-method> <!-- closeWebBrowser -->
        <test-method is-config="true" signature="clearXmlFiles()[pri:0, instance:com.demo.test_cases.TestCase_01@563e4951]" started-at="2024-11-09T05:40:59 EET" name="clearXmlFiles" finished-at="2024-11-09T05:41:00 EET" duration-ms="306" status="PASS">
          <reporter-output>
          </reporter-output>
        </test-method> <!-- clearXmlFiles -->
      </class> <!-- com.demo.test_cases.TestCase_01 -->
    </test> <!-- TC_01_Chrome -->
  </suite> <!-- Demo Test Suite -->
</testng-results>
